# JRE version: Java(TM) SE Runtime Environment (8.0_151-b12) (build 1.8.0_151-b12)
# Java VM: Java HotSpot(TM) 64-Bit Server VM (25.151-b12 mixed mode windows-amd64 compressed oops)
Heap:
 PSYoungGen      total 141824K, used 118277K [0x000000076b000000, 0x000000077bd00000, 0x00000007c0000000)
  eden space 131072K, 90% used [0x000000076b000000,0x0000000772381410,0x0000000773000000)
  from space 10752K, 0% used [0x0000000773000000,0x0000000773000000,0x0000000773a80000)
  to   space 6656K, 0% used [0x000000077b680000,0x000000077b680000,0x000000077bd00000)
 ParOldGen       total 145920K, used 70668K [0x00000006c1000000, 0x00000006c9e80000, 0x000000076b000000)
  object space 145920K, 48% used [0x00000006c1000000,0x00000006c55032e0,0x00000006c9e80000)
 Metaspace       used 23324K, capacity 23663K, committed 24064K, reserved 1071104K
  class space    used 2365K, capacity 2463K, committed 2560K, reserved 1048576K
GC Heap History (10 events):
Event: 1.786 GC heap before
{Heap before GC invocations=2 (full 0):
 PSYoungGen      total 76288K, used 68660K [0x000000076b000000, 0x0000000770500000, 0x00000007c0000000)
  eden space 65536K, 96% used [0x000000076b000000,0x000000076edb36b0,0x000000076f000000)
  from space 10752K, 50% used [0x000000076f000000,0x000000076f559cd8,0x000000076fa80000)
  to   space 10752K, 0% used [0x000000076fa80000,0x000000076fa80000,0x0000000770500000)
 ParOldGen       total 175104K, used 65552K [0x00000006c1000000, 0x00000006cbb00000, 0x000000076b000000)
  object space 175104K, 37% used [0x00000006c1000000,0x00000006c5004010,0x00000006cbb00000)
 Metaspace       used 13650K, capacity 13945K, committed 14208K, reserved 1062912K
  class space    used 1217K, capacity 1335K, committed 1408K, reserved 1048576K
Event: 1.788 GC heap after
Heap after GC invocations=2 (full 0):
 PSYoungGen      total 76288K, used 3284K [0x000000076b000000, 0x0000000774500000, 0x00000007c0000000)
  eden space 65536K, 0% used [0x000000076b000000,0x000000076b000000,0x000000076f000000)
  from space 10752K, 30% used [0x000000076fa80000,0x000000076fdb5380,0x0000000770500000)
  to   space 10752K, 0% used [0x000000076f000000,0x000000076f000000,0x000000076fa80000)
 ParOldGen       total 175104K, used 65560K [0x00000006c1000000, 0x00000006cbb00000, 0x000000076b000000)
  object space 175104K, 37% used [0x00000006c1000000,0x00000006c5006010,0x00000006cbb00000)
 Metaspace       used 13650K, capacity 13945K, committed 14208K, reserved 1062912K
  class space    used 1217K, capacity 1335K, committed 1408K, reserved 1048576K
}
Event: 1.794 GC heap before
{Heap before GC invocations=3 (full 0):
 PSYoungGen      total 76288K, used 67066K [0x000000076b000000, 0x0000000774500000, 0x00000007c0000000)
  eden space 65536K, 97% used [0x000000076b000000,0x000000076ee49620,0x000000076f000000)
  from space 10752K, 30% used [0x000000076fa80000,0x000000076fdb5380,0x0000000770500000)
  to   space 10752K, 0% used [0x000000076f000000,0x000000076f000000,0x000000076fa80000)
 ParOldGen       total 175104K, used 65560K [0x00000006c1000000, 0x00000006cbb00000, 0x000000076b000000)
  object space 175104K, 37% used [0x00000006c1000000,0x00000006c5006010,0x00000006cbb00000)
 Metaspace       used 13652K, capacity 13945K, committed 14208K, reserved 1062912K
  class space    used 1217K, capacity 1335K, committed 1408K, reserved 1048576K
Event: 1.796 GC heap after
Heap after GC invocations=3 (full 0):
 PSYoungGen      total 76288K, used 3316K [0x000000076b000000, 0x0000000774500000, 0x00000007c0000000)
  eden space 65536K, 0% used [0x000000076b000000,0x000000076b000000,0x000000076f000000)
  from space 10752K, 30% used [0x000000076f000000,0x000000076f33d380,0x000000076fa80000)
  to   space 10752K, 0% used [0x0000000773a80000,0x0000000773a80000,0x0000000774500000)
 ParOldGen       total 175104K, used 65568K [0x00000006c1000000, 0x00000006cbb00000, 0x000000076b000000)
  object space 175104K, 37% used [0x00000006c1000000,0x00000006c5008010,0x00000006cbb00000)
 Metaspace       used 13652K, capacity 13945K, committed 14208K, reserved 1062912K
  class space    used 1217K, capacity 1335K, committed 1408K, reserved 1048576K
}
Event: 1.801 GC heap before
{Heap before GC invocations=4 (full 0):
 PSYoungGen      total 76288K, used 67526K [0x000000076b000000, 0x0000000774500000, 0x00000007c0000000)
  eden space 65536K, 97% used [0x000000076b000000,0x000000076eeb4578,0x000000076f000000)
  from space 10752K, 30% used [0x000000076f000000,0x000000076f33d380,0x000000076fa80000)
  to   space 10752K, 0% used [0x0000000773a80000,0x0000000773a80000,0x0000000774500000)
 ParOldGen       total 175104K, used 65568K [0x00000006c1000000, 0x00000006cbb00000, 0x000000076b000000)
  object space 175104K, 37% used [0x00000006c1000000,0x00000006c5008010,0x00000006cbb00000)
 Metaspace       used 13659K, capacity 13945K, committed 14208K, reserved 1062912K
  class space    used 1217K, capacity 1335K, committed 1408K, reserved 1048576K
Event: 1.803 GC heap after
Heap after GC invocations=4 (full 0):
 PSYoungGen      total 141824K, used 3364K [0x000000076b000000, 0x0000000774500000, 0x00000007c0000000)
  eden space 131072K, 0% used [0x000000076b000000,0x000000076b000000,0x0000000773000000)
  from space 10752K, 31% used [0x0000000773a80000,0x0000000773dc9370,0x0000000774500000)
  to   space 10752K, 0% used [0x0000000773000000,0x0000000773000000,0x0000000773a80000)
 ParOldGen       total 175104K, used 65576K [0x00000006c1000000, 0x00000006cbb00000, 0x000000076b000000)
  object space 175104K, 37% used [0x00000006c1000000,0x00000006c500a010,0x00000006cbb00000)
 Metaspace       used 13659K, capacity 13945K, committed 14208K, reserved 1062912K
  class space    used 1217K, capacity 1335K, committed 1408K, reserved 1048576K
}
Event: 11.049 GC heap before
{Heap before GC invocations=5 (full 0):
 PSYoungGen      total 141824K, used 130538K [0x000000076b000000, 0x0000000774500000, 0x00000007c0000000)
  eden space 131072K, 97% used [0x000000076b000000,0x0000000772c31740,0x0000000773000000)
  from space 10752K, 31% used [0x0000000773a80000,0x0000000773dc9370,0x0000000774500000)
  to   space 10752K, 0% used [0x0000000773000000,0x0000000773000000,0x0000000773a80000)
 ParOldGen       total 175104K, used 131112K [0x00000006c1000000, 0x00000006cbb00000, 0x000000076b000000)
  object space 175104K, 74% used [0x00000006c1000000,0x00000006c900a020,0x00000006cbb00000)
 Metaspace       used 20693K, capacity 20999K, committed 21248K, reserved 1069056K
  class space    used 2100K, capacity 2201K, committed 2304K, reserved 1048576K
Event: 11.053 GC heap after
Heap after GC invocations=5 (full 0):
 PSYoungGen      total 141824K, used 5333K [0x000000076b000000, 0x000000077bd00000, 0x00000007c0000000)
  eden space 131072K, 0% used [0x000000076b000000,0x000000076b000000,0x0000000773000000)
  from space 10752K, 49% used [0x0000000773000000,0x0000000773535408,0x0000000773a80000)
  to   space 6656K, 0% used [0x000000077b680000,0x000000077b680000,0x000000077bd00000)
 ParOldGen       total 175104K, used 131137K [0x00000006c1000000, 0x00000006cbb00000, 0x000000076b000000)
  object space 175104K, 74% used [0x00000006c1000000,0x00000006c90106f0,0x00000006cbb00000)
 Metaspace       used 20693K, capacity 20999K, committed 21248K, reserved 1069056K
  class space    used 2100K, capacity 2201K, committed 2304K, reserved 1048576K
}
Event: 11.053 GC heap before
{Heap before GC invocations=6 (full 1):
 PSYoungGen      total 141824K, used 5333K [0x000000076b000000, 0x000000077bd00000, 0x00000007c0000000)
  eden space 131072K, 0% used [0x000000076b000000,0x000000076b000000,0x0000000773000000)
  from space 10752K, 49% used [0x0000000773000000,0x0000000773535408,0x0000000773a80000)
  to   space 6656K, 0% used [0x000000077b680000,0x000000077b680000,0x000000077bd00000)
 ParOldGen       total 175104K, used 131137K [0x00000006c1000000, 0x00000006cbb00000, 0x000000076b000000)
  object space 175104K, 74% used [0x00000006c1000000,0x00000006c90106f0,0x00000006cbb00000)
 Metaspace       used 20693K, capacity 20999K, committed 21248K, reserved 1069056K
  class space    used 2100K, capacity 2201K, committed 2304K, reserved 1048576K
Event: 11.074 GC heap after
Heap after GC invocations=6 (full 1):
 PSYoungGen      total 141824K, used 0K [0x000000076b000000, 0x000000077bd00000, 0x00000007c0000000)
  eden space 131072K, 0% used [0x000000076b000000,0x000000076b000000,0x0000000773000000)
  from space 10752K, 0% used [0x0000000773000000,0x0000000773000000,0x0000000773a80000)
  to   space 6656K, 0% used [0x000000077b680000,0x000000077b680000,0x000000077bd00000)
 ParOldGen       total 145920K, used 70668K [0x00000006c1000000, 0x00000006c9e80000, 0x000000076b000000)
  object space 145920K, 48% used [0x00000006c1000000,0x00000006c55032e0,0x00000006c9e80000)
 Metaspace       used 20693K, capacity 20999K, committed 21248K, reserved 1069056K
  class space    used 2100K, capacity 2201K, committed 2304K, reserved 1048576K
}

